\BOOKMARK [0][-]{chapter.1}{\376\377\000G\000e\000n\000e\000r\000a\000l\000\040\000p\000u\000r\000p\000o\000s\000e}{}% 1
\BOOKMARK [1][-]{section.1.1}{\376\377\000F\000u\000n\000c\000t\000i\000o\000n\000a\000l\000i\000t\000i\000e\000s}{chapter.1}% 2
\BOOKMARK [1][-]{section.1.2}{\376\377\000I\000n\000s\000t\000a\000l\000l\000a\000t\000i\000o\000n}{chapter.1}% 3
\BOOKMARK [0][-]{chapter.2}{\376\377\000B\000a\000s\000i\000c\000\040\000u\000s\000a\000g\000e\000\040\000a\000n\000d\000\040\000c\000o\000n\000f\000i\000g\000u\000r\000a\000t\000i\000o\000n\000\040\000f\000i\000l\000e}{}% 4
\BOOKMARK [1][-]{section.2.1}{\376\377\000C\000o\000n\000f\000i\000g\000u\000r\000a\000t\000i\000o\000n\000\040\000f\000i\000l\000e}{chapter.2}% 5
\BOOKMARK [0][-]{chapter.3}{\376\377\000P\000o\000r\000t\000a\000b\000l\000e\000\040\000D\000a\000t\000a\000\040\000F\000i\000l\000e\000\040\000c\000r\000e\000a\000t\000i\000o\000n}{}% 6
\BOOKMARK [1][-]{section.3.1}{\376\377\000A\000n\000s\000w\000e\000r\000\040\000K\000e\000y\000\040\000P\000D\000F\000\040\000f\000i\000l\000e}{chapter.3}% 7
\BOOKMARK [1][-]{section.3.2}{\376\377\000S\000p\000e\000l\000l\000c\000h\000e\000c\000k\000e\000d\000\040\000P\000D\000F\000\040\000f\000i\000l\000e}{chapter.3}% 8
\BOOKMARK [0][-]{chapter.4}{\376\377\000L\000M\000S\000\040\000O\000u\000t\000p\000u\000t}{}% 9
\BOOKMARK [1][-]{section.4.1}{\376\377\000T\000e\000x\000t\000\040\000o\000n\000l\000y}{chapter.4}% 10
\BOOKMARK [1][-]{section.4.2}{\376\377\000L\000M\000S\000\040\000u\000s\000i\000n\000g\000\040\000i\000m\000a\000g\000e\000s}{chapter.4}% 11
\BOOKMARK [0][-]{chapter.5}{\376\377\000Y\000A\000M\000L\000\040\000F\000o\000r\000m\000a\000t\000\040\000\050\000i\000n\000p\000u\000t\000\051}{}% 12
\BOOKMARK [1][-]{section.5.1}{\376\377\000Q\000u\000e\000s\000t\000i\000o\000n\000\040\000e\000x\000a\000m\000p\000l\000e}{chapter.5}% 13
\BOOKMARK [1][-]{section.5.2}{\376\377\000A\000n\000a\000t\000o\000m\000y\000\040\000o\000f\000\040\000a\000\040\000q\000u\000e\000s\000t\000i\000o\000n}{chapter.5}% 14
\BOOKMARK [0][-]{chapter.6}{\376\377\000S\000p\000e\000l\000l\000c\000h\000e\000c\000k\000i\000n\000g}{}% 15
\BOOKMARK [1][-]{section.6.1}{\376\377\000U\000s\000a\000g\000e}{chapter.6}% 16
\BOOKMARK [1][-]{section.6.2}{\376\377\000N\000o\000t\000e\000s}{chapter.6}% 17
\BOOKMARK [1][-]{section.6.3}{\376\377\000E\000x\000a\000m\000p\000l\000e}{chapter.6}% 18
\BOOKMARK [0][-]{chapter.7}{\376\377\000E\000x\000a\000m\000p\000l\000e\000\040\000o\000f\000\040\000m\000u\000l\000t\000i\000p\000l\000e\000\040\000q\000u\000e\000s\000t\000i\000o\000n\000s}{}% 19
\BOOKMARK [1][-]{section.7.1}{\376\377\000Y\000a\000m\000l\000\040\000i\000n\000p\000u\000t}{chapter.7}% 20
\BOOKMARK [1][-]{section.7.2}{\376\377\000L\000a\000t\000e\000x\000\040\000O\000u\000t\000p\000u\000t}{chapter.7}% 21
\BOOKMARK [1][-]{section.7.3}{\376\377\000L\000a\000t\000e\000x\000\040\000O\000u\000t\000p\000u\000t\000\040\000w\000i\000t\000h\000\040\000k\000e\000y\000s}{chapter.7}% 22
\BOOKMARK [0][-]{chapter.8}{\376\377\000W\000o\000r\000k\000\040\000i\000n\000\040\000P\000r\000o\000g\000r\000e\000s\000s\000\040\000a\000n\000d\000\040\000F\000u\000t\000u\000r\000e\000\040\000U\000t\000i\000l\000i\000t\000i\000e\000s\000:}{}% 23
